[2016-02-10 06:03] [PACMAN] Running '/usr/sbin/pacman -S hostapd'
[2016-02-10 06:04] [ALPM] transaction started
[2016-02-10 06:04] [ALPM] installed libnl (3.2.26-1)
[2016-02-10 06:04] [ALPM] installed hostapd (2.5-1)
[2016-02-10 06:04] [ALPM-SCRIPTLET] > More info: https://wiki.archlinux.org/index.php/Software_Access_Point
[2016-02-10 06:04] [ALPM] transaction completed
[2016-02-10 06:10] [PACMAN] Running '/usr/sbin/pacman -S make'
[2016-02-10 06:10] [PACMAN] Running '/usr/sbin/pacman -S --noconfirm make'
[2016-02-10 06:11] [ALPM] transaction started
[2016-02-10 06:11] [ALPM] installed libtool (2.4.6-4)
[2016-02-10 06:11] [ALPM] installed libatomic_ops (7.4.2-1)
[2016-02-10 06:11] [ALPM] installed gc (7.4.2-4)
[2016-02-10 06:11] [ALPM] installed guile (2.0.11-3)
[2016-02-10 06:11] [ALPM] installed make (4.1-1)
[2016-02-10 06:11] [ALPM] transaction completed
[2016-02-10 06:12] [PACMAN] Running '/usr/sbin/pacman -S yaourt'
[2016-02-10 06:21] [PACMAN] Running '/usr/sbin/pacman -S --noconfirm make'
[2016-02-10 06:21] [ALPM] transaction started
[2016-02-10 06:21] [ALPM] reinstalled make (4.1-1)
[2016-02-10 06:21] [ALPM] transaction completed
[2016-02-10 06:21] [PACMAN] Running '/usr/sbin/pacman -S --noconfirm make'
[2016-02-10 06:21] [ALPM] transaction started
[2016-02-10 06:21] [ALPM] reinstalled make (4.1-1)
[2016-02-10 06:21] [ALPM] transaction completed
[2016-02-10 06:52] [PACMAN] Running '/usr/sbin/pacman -S hostapd'
[2016-02-10 06:53] [PACMAN] Running '/usr/sbin/pacman -S dnsmasq'
[2016-02-10 06:53] [ALPM] transaction started
[2016-02-10 06:53] [ALPM] installed dnsmasq (2.75-1)
[2016-02-10 06:53] [ALPM] transaction completed
[2016-02-10 08:26] [PACMAN] Running '/usr/sbin/pacman -S --noconfirm wpa_supplicant'
[2016-02-10 08:26] [ALPM] transaction started
[2016-02-10 08:26] [ALPM] installed wpa_supplicant (1:2.5-2)
[2016-02-10 08:26] [ALPM] transaction completed
